2025-09-19 13:02:11 INFO  baseclass:38 - user is at index page
2025-09-19 13:02:13 INFO  baseclass:42 - user click on sign page
2025-09-19 13:02:13 INFO  baseclass:44 -  user is in home page
2025-09-19 13:02:14 INFO  baseclass:47 - getting the current url
2025-09-19 13:02:14 INFO  baseclass:52 - verified url
2025-09-19 13:02:16 INFO  baseclass:61 - user signed out
2025-09-19 13:02:16 INFO  baseclass:65 - finally completed test
2025-09-19 13:02:22 INFO  baseclass:38 - user is at index page
2025-09-19 13:02:24 INFO  baseclass:42 - user click on sign page
2025-09-19 13:02:24 INFO  baseclass:44 -  user is in home page
2025-09-19 13:02:25 INFO  baseclass:47 - getting the current url
2025-09-19 13:02:25 INFO  baseclass:52 - verified url
2025-09-19 13:02:27 INFO  baseclass:61 - user signed out
2025-09-19 13:02:27 INFO  baseclass:65 - finally completed test
2025-09-19 13:02:35 INFO  baseclass:38 - user is at index page
2025-09-19 13:03:08 INFO  baseclass:38 - user is at index page
2025-09-19 13:03:10 INFO  baseclass:42 - user click on sign page
2025-09-19 13:03:10 INFO  baseclass:44 -  user is in home page
2025-09-19 13:03:11 INFO  baseclass:47 - getting the current url
2025-09-19 13:03:11 INFO  baseclass:52 - verified url
2025-09-19 13:03:13 INFO  baseclass:61 - user signed out
2025-09-19 13:03:13 INFO  baseclass:65 - finally completed test
2025-09-19 13:03:16 INFO  baseclass:38 - user is at index page
2025-09-19 13:03:22 INFO  baseclass:42 - user click on sign page
2025-09-19 13:03:22 INFO  baseclass:44 -  user is in home page
2025-09-19 13:03:23 INFO  baseclass:47 - getting the current url
2025-09-19 13:03:23 INFO  baseclass:52 - verified url
2025-09-19 13:03:25 INFO  baseclass:61 - user signed out
2025-09-19 13:03:25 INFO  baseclass:65 - finally completed test
2025-09-19 13:03:35 INFO  baseclass:38 - user is at index page
2025-09-19 13:03:35 INFO  baseclass:42 - user click on sign page
2025-09-19 13:03:35 INFO  baseclass:44 -  user is in home page
2025-09-19 13:03:37 INFO  baseclass:47 - getting the current url
2025-09-19 13:03:46 INFO  baseclass:38 - user is at index page
2025-09-19 13:03:46 INFO  baseclass:42 - user click on sign page
2025-09-19 13:03:46 INFO  baseclass:44 -  user is in home page
2025-09-19 13:03:48 INFO  baseclass:47 - getting the current url
2025-09-19 13:31:27 INFO  baseclass:38 - user is at index page
2025-09-19 13:31:28 INFO  baseclass:42 - user click on sign page
2025-09-19 13:31:28 INFO  baseclass:44 -  user is in home page
2025-09-19 13:31:29 INFO  baseclass:47 - getting the current url
2025-09-19 13:31:30 INFO  baseclass:52 - verified url
2025-09-19 13:31:32 INFO  baseclass:61 - user signed out
2025-09-19 13:31:32 INFO  baseclass:65 - finally completed test
2025-09-19 13:31:38 INFO  baseclass:38 - user is at index page
2025-09-19 13:31:39 INFO  baseclass:42 - user click on sign page
2025-09-19 13:31:39 INFO  baseclass:44 -  user is in home page
2025-09-19 13:31:40 INFO  baseclass:47 - getting the current url
2025-09-19 13:31:41 INFO  baseclass:52 - verified url
2025-09-19 13:31:43 INFO  baseclass:61 - user signed out
2025-09-19 13:31:43 INFO  baseclass:65 - finally completed test
2025-09-19 13:31:53 INFO  baseclass:38 - user is at index page
2025-09-19 13:31:53 INFO  baseclass:42 - user click on sign page
2025-09-19 13:31:53 INFO  baseclass:44 -  user is in home page
2025-09-19 13:31:55 INFO  baseclass:47 - getting the current url
2025-09-19 13:32:05 INFO  baseclass:38 - user is at index page
2025-09-19 13:32:05 INFO  baseclass:42 - user click on sign page
2025-09-19 13:32:05 INFO  baseclass:44 -  user is in home page
2025-09-19 13:32:06 INFO  baseclass:47 - getting the current url
